[35m[1mScanning dependencies of target smb_highlevel_controller[0m
[ 25%] [32mBuilding CXX object CMakeFiles/smb_highlevel_controller.dir/src/smb_highlevel_controller_node.cpp.o[0m
[ 50%] [32mBuilding CXX object CMakeFiles/smb_highlevel_controller.dir/src/SmbHighlevelController.cpp.o[0m
[01m[K/home/ros/smb_ws_optional/src/smb_highlevel_controller/src/smb_highlevel_controller_node.cpp:[m[K In function ‘[01m[Kint main(int, char**)[m[K’:
[01m[K/home/ros/smb_ws_optional/src/smb_highlevel_controller/src/smb_highlevel_controller_node.cpp:34:52:[m[K [01;31m[Kerror: [m[Kredeclaration of ‘[01m[Ksmb_highlevel_controller::SmbHighlevelController smbHighlevelController[m[K’
   34 |   smb_highlevel_controller::SmbHighlevelController [01;31m[KsmbHighlevelController[m[K(nodeHandle1,1);
      |                                                    [01;31m[K^~~~~~~~~~~~~~~~~~~~~~[m[K
[01m[K/home/ros/smb_ws_optional/src/smb_highlevel_controller/src/smb_highlevel_controller_node.cpp:33:52:[m[K [01;36m[Knote: [m[K‘[01m[Ksmb_highlevel_controller::SmbHighlevelController smbHighlevelController[m[K’ previously declared here
   33 |   smb_highlevel_controller::SmbHighlevelController [01;36m[KsmbHighlevelController[m[K(nodeHandle);
      |                                                    [01;36m[K^~~~~~~~~~~~~~~~~~~~~~[m[K
[01m[K/home/ros/smb_ws_optional/src/smb_highlevel_controller/src/SmbHighlevelController.cpp:21:1:[m[K [01;31m[Kerror: [m[Kno declaration matches ‘[01m[Ksmb_highlevel_controller::SmbHighlevelController::SmbHighlevelController(ros::NodeHandle&, int)[m[K’
   21 | [01;31m[KSmbHighlevelController[m[K::SmbHighlevelController(ros::NodeHandle& nodeHandle,int x):nodeHandle_(nodeHandle)
      | [01;31m[K^~~~~~~~~~~~~~~~~~~~~~[m[K
In file included from [01m[K/home/ros/smb_ws_optional/src/smb_highlevel_controller/src/SmbHighlevelController.cpp:1[m[K:
[01m[K/home/ros/smb_ws_optional/src/smb_highlevel_controller/include/smb_highlevel_controller/SmbHighlevelController.hpp:11:7:[m[K [01;36m[Knote: [m[Kcandidates are: ‘[01m[Ksmb_highlevel_controller::SmbHighlevelController::SmbHighlevelController(const smb_highlevel_controller::SmbHighlevelController&)[m[K’
   11 | class [01;36m[KSmbHighlevelController[m[K {
      |       [01;36m[K^~~~~~~~~~~~~~~~~~~~~~[m[K
[01m[K/home/ros/smb_ws_optional/src/smb_highlevel_controller/src/SmbHighlevelController.cpp:5:1:[m[K [01;36m[Knote: [m[K                ‘[01m[Ksmb_highlevel_controller::SmbHighlevelController::SmbHighlevelController(ros::NodeHandle&)[m[K’
    5 | [01;36m[KSmbHighlevelController[m[K::SmbHighlevelController(ros::NodeHandle& nodeHandle):nodeHandle_(nodeHandle)
      | [01;36m[K^~~~~~~~~~~~~~~~~~~~~~[m[K
In file included from [01m[K/home/ros/smb_ws_optional/src/smb_highlevel_controller/src/SmbHighlevelController.cpp:1[m[K:
[01m[K/home/ros/smb_ws_optional/src/smb_highlevel_controller/include/smb_highlevel_controller/SmbHighlevelController.hpp:11:7:[m[K [01;36m[Knote: [m[K‘[01m[Kclass smb_highlevel_controller::SmbHighlevelController[m[K’ defined here
   11 | class [01;36m[KSmbHighlevelController[m[K {
      |       [01;36m[K^~~~~~~~~~~~~~~~~~~~~~[m[K
In file included from [01m[K/opt/ros/noetic/include/ros/ros.h:40[m[K,
                 from [01m[K/home/ros/smb_ws_optional/src/smb_highlevel_controller/include/smb_highlevel_controller/SmbHighlevelController.hpp:3[m[K,
                 from [01m[K/home/ros/smb_ws_optional/src/smb_highlevel_controller/src/SmbHighlevelController.cpp:1[m[K:
[01m[K/home/ros/smb_ws_optional/src/smb_highlevel_controller/src/SmbHighlevelController.cpp:[m[K In member function ‘[01m[Kvoid smb_highlevel_controller::SmbHighlevelController::topicCallback1(const ConstPtr&)[m[K’:
[01m[K/home/ros/smb_ws_optional/src/smb_highlevel_controller/src/SmbHighlevelController.cpp:48:11:[m[K [01;35m[Kwarning: [m[Kformat ‘[01m[K%f[m[K’ expects argument of type ‘[01m[Kdouble[m[K’, but argument 8 has type ‘[01m[Kunsigned int[m[K’ [[01;35m[K-Wformat=[m[K]
   48 |  ROS_INFO([01;35m[K"minimum range is %f"[m[K,[32m[Kmsg->row_step*msg->height[m[K);
      |           [01;35m[K^~~~~~~~~~~~~~~~~~~~~[m[K [32m[K~~~~~~~~~~~~~~~~~~~~~~~~~[m[K
      |                                              [32m[K|[m[K
      |                                              [32m[Kunsigned int[m[K
[01m[K/opt/ros/noetic/include/ros/console.h:351:165:[m[K [01;36m[Knote: [m[Kin definition of macro ‘[01m[KROSCONSOLE_PRINT_AT_LOCATION_WITH_FILTER[m[K’
  351 |     ::ros::console::print(filter, __rosconsole_define_location__loc.logger_, __rosconsole_define_location__loc.level_, __FILE__, __LINE__, __ROSCONSOLE_FUNCTION__, [01;36m[K__VA_ARGS__[m[K)
      |                                                                                                                                                                     [01;36m[K^~~~~~~~~~~[m[K
[01m[K/opt/ros/noetic/include/ros/console.h:390:7:[m[K [01;36m[Knote: [m[Kin expansion of macro ‘[01m[KROSCONSOLE_PRINT_AT_LOCATION[m[K’
  390 |       [01;36m[KROSCONSOLE_PRINT_AT_LOCATION[m[K(__VA_ARGS__); \
      |       [01;36m[K^~~~~~~~~~~~~~~~~~~~~~~~~~~~[m[K
[01m[K/opt/ros/noetic/include/ros/console.h:575:35:[m[K [01;36m[Knote: [m[Kin expansion of macro ‘[01m[KROS_LOG_COND[m[K’
  575 | #define ROS_LOG(level, name, ...) [01;36m[KROS_LOG_COND[m[K(true, level, name, __VA_ARGS__)
      |                                   [01;36m[K^~~~~~~~~~~~[m[K
[01m[K/opt/ros/noetic/include/rosconsole/macros_generated.h:110:23:[m[K [01;36m[Knote: [m[Kin expansion of macro ‘[01m[KROS_LOG[m[K’
  110 | #define ROS_INFO(...) [01;36m[KROS_LOG[m[K(::ros::console::levels::Info, ROSCONSOLE_DEFAULT_NAME, __VA_ARGS__)
      |                       [01;36m[K^~~~~~~[m[K
[01m[K/home/ros/smb_ws_optional/src/smb_highlevel_controller/src/SmbHighlevelController.cpp:48:2:[m[K [01;36m[Knote: [m[Kin expansion of macro ‘[01m[KROS_INFO[m[K’
   48 |  [01;36m[KROS_INFO[m[K("minimum range is %f",msg->row_step*msg->height);
      |  [01;36m[K^~~~~~~~[m[K
[01m[K/home/ros/smb_ws_optional/src/smb_highlevel_controller/src/SmbHighlevelController.cpp:48:30:[m[K [01;36m[Knote: [m[Kformat string is defined here
   48 |  ROS_INFO("minimum range is [01;36m[K%f[m[K",msg->row_step*msg->height);
      |                             [01;36m[K~^[m[K
      |                              [01;36m[K|[m[K
      |                              [01;36m[Kdouble[m[K
      |                             [32m[K%d[m[K
make[2]: *** [CMakeFiles/smb_highlevel_controller.dir/build.make:63: CMakeFiles/smb_highlevel_controller.dir/src/smb_highlevel_controller_node.cpp.o] Error 1
make[2]: *** Waiting for unfinished jobs....
make[2]: *** [CMakeFiles/smb_highlevel_controller.dir/build.make:76: CMakeFiles/smb_highlevel_controller.dir/src/SmbHighlevelController.cpp.o] Error 1
make[1]: *** [CMakeFiles/Makefile2:165: CMakeFiles/smb_highlevel_controller.dir/all] Error 2
make: *** [Makefile:141: all] Error 2
