Warning: Cannot symlink from /home/ros/smb_ws_optional/devel/.private/hector_gazebo_plugins/lib/libhector_servo_plugin.so to existing file /home/ros/smb_ws_optional/devel/lib/libhector_servo_plugin.so
Warning: Source hash: 828f81560ef2e4f85d3ac03bb8b0ac7b
Warning: Dest hash: d5812e7934ddc8cfd6cc01fe82d04186
Warning: Cannot symlink from /home/ros/smb_ws_optional/devel/.private/hector_gazebo_plugins/lib/libhector_gazebo_ros_gps.so to existing file /home/ros/smb_ws_optional/devel/lib/libhector_gazebo_ros_gps.so
Warning: Source hash: 36ba51532f3afeb45bbb65fb1157794e
Warning: Dest hash: 42221dd62e727b794b6489983b74a010
Warning: Cannot symlink from /home/ros/smb_ws_optional/devel/.private/hector_gazebo_plugins/lib/libdiffdrive_plugin_multi_wheel.so to existing file /home/ros/smb_ws_optional/devel/lib/libdiffdrive_plugin_multi_wheel.so
Warning: Source hash: ba66ecd5c26755af2aeb0d6cf0f050c1
Warning: Dest hash: 59247bcb6f69e44153c4f2319026bd2a
Warning: Cannot symlink from /home/ros/smb_ws_optional/devel/.private/hector_gazebo_plugins/lib/libhector_gazebo_reset_plugin.so to existing file /home/ros/smb_ws_optional/devel/lib/libhector_gazebo_reset_plugin.so
Warning: Source hash: 00eaf31b019a9866ebb8f8a20a6fa1ba
Warning: Dest hash: 0f6d3a813876f71bb6dfec4725d385fa
Warning: Cannot symlink from /home/ros/smb_ws_optional/devel/.private/hector_gazebo_plugins/lib/libhector_gazebo_ros_sonar.so to existing file /home/ros/smb_ws_optional/devel/lib/libhector_gazebo_ros_sonar.so
Warning: Source hash: 654f233ce6738d53be8aa0b780ae280b
Warning: Dest hash: 87e85d734297f6b8566dbcfb3685fec8
Warning: Cannot symlink from /home/ros/smb_ws_optional/devel/.private/hector_gazebo_plugins/lib/libhector_gazebo_ros_imu.so to existing file /home/ros/smb_ws_optional/devel/lib/libhector_gazebo_ros_imu.so
Warning: Source hash: 05700dc4c73bc2c9aeaaab86ffa70fb1
Warning: Dest hash: 0881643be76e223800fc2c6b67762b85
Warning: Cannot symlink from /home/ros/smb_ws_optional/devel/.private/hector_gazebo_plugins/lib/libhector_gazebo_ros_magnetic.so to existing file /home/ros/smb_ws_optional/devel/lib/libhector_gazebo_ros_magnetic.so
Warning: Source hash: 7c9d8a111a2296a15093af7c77df034a
Warning: Dest hash: d7e36683e3197b7980b29c802ce7a263
Warning: Cannot symlink from /home/ros/smb_ws_optional/devel/.private/hector_gazebo_plugins/lib/libgazebo_ros_force_based_move.so to existing file /home/ros/smb_ws_optional/devel/lib/libgazebo_ros_force_based_move.so
Warning: Source hash: d94a84cf6b56e3668abd9f1f2b3c37ea
Warning: Dest hash: 305cf3e94a178e29a7a5fa8b7c5bc8e2
Warning: Cannot symlink from /home/ros/smb_ws_optional/devel/.private/hector_gazebo_plugins/lib/libdiffdrive_plugin_6w.so to existing file /home/ros/smb_ws_optional/devel/lib/libdiffdrive_plugin_6w.so
Warning: Source hash: 420c7cb3efd1b5eedd6e34341599c7ec
Warning: Dest hash: 6221fb68455098188bb796818439ad7e
Warning: Cannot symlink from /home/ros/smb_ws_optional/devel/.private/hector_gazebo_plugins/lib/pkgconfig/hector_gazebo_plugins.pc to existing file /home/ros/smb_ws_optional/devel/lib/pkgconfig/hector_gazebo_plugins.pc
Warning: Source hash: 262243ab5688511205022624c6319aec
Warning: Dest hash: 775665a10574b0aee745d00c10c990d4
Warning: Cannot symlink from /home/ros/smb_ws_optional/devel/.private/hector_gazebo_plugins/share/hector_gazebo_plugins/cmake/hector_gazebo_plugins-msg-extras.cmake to existing file /home/ros/smb_ws_optional/devel/share/hector_gazebo_plugins/cmake/hector_gazebo_plugins-msg-extras.cmake
Warning: Source hash: 37e2d803ee8c0b211d8792f573be5374
Warning: Dest hash: 40c22c9434439aca24e0834a3e225789
Warning: Cannot symlink from /home/ros/smb_ws_optional/devel/.private/hector_gazebo_plugins/share/hector_gazebo_plugins/cmake/hector_gazebo_pluginsConfig.cmake to existing file /home/ros/smb_ws_optional/devel/share/hector_gazebo_plugins/cmake/hector_gazebo_pluginsConfig.cmake
Warning: Source hash: 5a43b835d3e0c90a7bb490e1c091ac32
Warning: Dest hash: ab631c26741d80c7d40947dced14a9b9
